0 info it worked if it ends with ok
1 verbose cli [ 'E:\\tools\\nodejs\\node.exe',
1 verbose cli   'E:\\tools\\nodejs\\node_modules\\npm\\bin\\npm-cli.js',
1 verbose cli   'run',
1 verbose cli   'dev' ]
2 info using npm@3.10.10
3 info using node@v6.10.0
4 verbose run-script [ 'predev', 'dev', 'postdev' ]
5 info lifecycle menu_sz_c@1.0.5~predev: menu_sz_c@1.0.5
6 silly lifecycle menu_sz_c@1.0.5~predev: no script for predev, continuing
7 info lifecycle menu_sz_c@1.0.5~dev: menu_sz_c@1.0.5
8 verbose lifecycle menu_sz_c@1.0.5~dev: unsafe-perm in lifecycle true
9 verbose lifecycle menu_sz_c@1.0.5~dev: PATH: E:\tools\nodejs\node_modules\npm\bin\node-gyp-bin;C:\Users\Administrator\Desktop\menu_sz_c\node_modules\.bin;E:\tools\Ruby23-x64\bin;C:\ProgramData\Oracle\Java\javapath;C:\Windows\system32;C:\Windows;C:\Windows\System32\Wbem;C:\Windows\System32\WindowsPowerShell\v1.0\;C:\Program Files\Microsoft SQL Server\110\Tools\Binn\;C:\Program Files (x86)\Microsoft SQL Server\100\Tools\Binn\;C:\Program Files\Microsoft SQL Server\100\Tools\Binn\;C:\Program Files\Microsoft SQL Server\100\DTS\Binn\;C:\Program Files (x86)\Microsoft SQL Server\100\Tools\Binn\VSShell\Common7\IDE\;C:\Program Files (x86)\Microsoft Visual Studio 9.0\Common7\IDE\PrivateAssemblies\;C:\Program Files (x86)\Microsoft SQL Server\100\DTS\Binn\;C:\Program Files\VisualSVN Server\bin;C:\Program Files\TortoiseSVN\bin;C:\Program Files (x86)\Windows Kits\8.1\Windows Performance Toolkit\;C:\Program Files (x86)\VisualSVN\bin;C:\Program Files (x86)\Skype\Phone\;C:\Program Files\Java\jdk1.8.0_111\bin;C:\apache-tomcat-7.0.70\bin\lib;C:\apache-tomcat-7.0.70\bin\bin;E:\tools\nodejs\;D:\tools\Git\cmd;D:\tools\Git\bin;D:\tools\git\mingw64\libexec\git-core;E:\tools\nodejs\node_global\
10 verbose lifecycle menu_sz_c@1.0.5~dev: CWD: C:\Users\Administrator\Desktop\menu_sz_c
11 silly lifecycle menu_sz_c@1.0.5~dev: Args: [ '/d /s /c', 'node build/dev-server.js' ]
12 verbose stack Error: kill ENOSYS
12 verbose stack     at exports._errnoException (util.js:1022:11)
12 verbose stack     at process.kill (internal/process.js:172:13)
12 verbose stack     at process.listener (E:\tools\nodejs\node_modules\npm\node_modules\npmlog\node_modules\gauge\node_modules\signal-exit\index.js:86:15)
12 verbose stack     at emitNone (events.js:91:20)
12 verbose stack     at process.emit (events.js:185:7)
12 verbose stack     at processEmit (E:\tools\nodejs\node_modules\npm\node_modules\npmlog\node_modules\gauge\node_modules\signal-exit\index.js:146:32)
12 verbose stack     at processEmit (E:\tools\nodejs\node_modules\npm\node_modules\npm-registry-client\node_modules\npmlog\node_modules\gauge\node_modules\signal-exit\index.js:146:32)
12 verbose stack     at Signal.wrap.onsignal (internal/process.js:199:44)
13 verbose cwd C:\Users\Administrator\Desktop\menu_sz_c\src\views
14 error Windows_NT 6.1.7601
15 error argv "E:\\tools\\nodejs\\node.exe" "E:\\tools\\nodejs\\node_modules\\npm\\bin\\npm-cli.js" "run" "dev"
16 error node v6.10.0
17 error npm  v3.10.10
18 error code ENOSYS
19 error errno ENOSYS
20 error syscall kill
21 error kill ENOSYS
22 error If you need help, you may report this error at:
22 error     <https://github.com/npm/npm/issues>
23 verbose exit [ 1, true ]
